Problem:    PAV_time_classmates
Rows:       177
Columns:    168 (162 integer, 162 binary)
Non-zeros:  835
Status:     INTEGER OPTIMAL
Objective:  utility = 37.78333333 (MAXimum)

   No.   Row name        Activity     Lower bound   Upper bound
------ ------------    ------------- ------------- -------------
     1 utility               37.7833                             
     2 one_start                   1                           1 
     3 exit[London]                1                           1 
     4 exit[Paris]                 1                           1 
     5 exit[Prague]                1                           1 
     6 exit[Berlin]                1                           1 
     7 exit[Zurich]                1                           1 
     8 exit[Venice]                1                           1 
     9 enter[London]
                                   1                           1 
    10 enter[Paris]                1                           1 
    11 enter[Prague]
                                   1                           1 
    12 enter[Berlin]
                                   1                           1 
    13 enter[Zurich]
                                   1                           1 
    14 enter[Venice]
                                   1                           1 
    15 flow[London]                0            -0             = 
    16 flow[Paris]                 0            -0             = 
    17 flow[Prague]                0            -0             = 
    18 flow[Berlin]                0            -0             = 
    19 flow[Zurich]                0            -0             = 
    20 flow[Venice]                0            -0             = 
    21 no_subtour[London,London]
                                   0                           5 
    22 no_subtour[London,Paris]
                                   5                           5 
    23 no_subtour[London,Prague]
                                   3                           5 
    24 no_subtour[London,Berlin]
                                  -2                           5 
    25 no_subtour[London,Zurich]
                                   1                           5 
    26 no_subtour[London,Venice]
                                   2                           5 
    27 no_subtour[Paris,London]
                                   1                           5 
    28 no_subtour[Paris,Paris]
                                   0                           5 
    29 no_subtour[Paris,Prague]
                                   4                           5 
    30 no_subtour[Paris,Berlin]
                                   5                           5 
    31 no_subtour[Paris,Zurich]
                                   2                           5 
    32 no_subtour[Paris,Venice]
                                   3                           5 
    33 no_subtour[Prague,London]
                                  -3                           5 
    34 no_subtour[Prague,Paris]
                                  -4                           5 
    35 no_subtour[Prague,Prague]
                                   0                           5 
    36 no_subtour[Prague,Berlin]
                                  -5                           5 
    37 no_subtour[Prague,Zurich]
                                  -2                           5 
    38 no_subtour[Prague,Venice]
                                   5                           5 
    39 no_subtour[Berlin,London]
                                  -4                           5 
    40 no_subtour[Berlin,Paris]
                                  -5                           5 
    41 no_subtour[Berlin,Prague]
                                   5                           5 
    42 no_subtour[Berlin,Berlin]
                                  -6                           5 
    43 no_subtour[Berlin,Zurich]
                                  -3                           5 
    44 no_subtour[Berlin,Venice]
                                  -2                           5 
    45 no_subtour[Zurich,London]
                                   5                           5 
    46 no_subtour[Zurich,Paris]
                                  -2                           5 
    47 no_subtour[Zurich,Prague]
                                   2                           5 
    48 no_subtour[Zurich,Berlin]
                                  -3                           5 
    49 no_subtour[Zurich,Zurich]
                                   0                           5 
    50 no_subtour[Zurich,Venice]
                                   1                           5 
    51 no_subtour[Venice,London]
                                  -2                           5 
    52 no_subtour[Venice,Paris]
                                  -3                           5 
    53 no_subtour[Venice,Prague]
                                   1                           5 
    54 no_subtour[Venice,Berlin]
                                  -4                           5 
    55 no_subtour[Venice,Zurich]
                                   5                           5 
    56 no_subtour[Venice,Venice]
                                   0                           5 
    57 num_get_visited[A]
                                   0                          -0 
    58 num_get_visited[B]
                                   0                          -0 
    59 num_get_visited[C]
                                   0                          -0 
    60 num_get_visited[D]
                                   0                          -0 
    61 num_get_visited[E]
                                   0                          -0 
    62 num_get_visited[F]
                                   0                          -0 
    63 num_get_visited[G]
                                   0                          -0 
    64 num_get_visited[H]
                                   0                          -0 
    65 num_get_visited[I]
                                   0                          -0 
    66 num_get_visited[J]
                                   0                          -0 
    67 num_get_visited[K]
                                   0                          -0 
    68 num_get_visited[L]
                                   0                          -0 
    69 num_get_visited[M]
                                   0                          -0 
    70 num_get_visited[N]
                                   0                          -0 
    71 num_get_visited[O]
                                   0                          -0 
    72 num_get_visited[P]
                                   0                          -0 
    73 num_get_visited[Q]
                                   0                          -0 
    74 num_get_visited[R]
                                   0                          -0 
    75 num_get_visited[S]
                                   0                          -0 
    76 at_least[A,1]
                                   0            -0               
    77 at_least[A,2]
                                   0            -0               
    78 at_least[A,3]
                                   0            -0               
    79 at_least[A,4]
                                   0            -0               
    80 at_least[A,5]
                                   0            -0               
    81 at_least[B,1]
                                   0            -0               
    82 at_least[B,2]
                                   0            -0               
    83 at_least[B,3]
                                   0            -0               
    84 at_least[B,4]
                                   0            -0               
    85 at_least[B,5]
                                   0            -0               
    86 at_least[C,1]
                                   0            -0               
    87 at_least[C,2]
                                   0            -0               
    88 at_least[C,3]
                                   0            -0               
    89 at_least[C,4]
                                   1            -0               
    90 at_least[C,5]
                                   0            -0               
    91 at_least[D,1]
                                   0            -0               
    92 at_least[D,2]
                                   0            -0               
    93 at_least[D,3]
                                   1            -0               
    94 at_least[D,4]
                                   0            -0               
    95 at_least[D,5]
                                   0            -0               
    96 at_least[E,1]
                                   0            -0               
    97 at_least[E,2]
                                   0            -0               
    98 at_least[E,3]
                                   0            -0               
    99 at_least[E,4]
                                   0            -0               
   100 at_least[E,5]
                                   1            -0               
   101 at_least[F,1]
                                   0            -0               
   102 at_least[F,2]
                                   0            -0               
   103 at_least[F,3]
                                   1            -0               
   104 at_least[F,4]
                                   0            -0               
   105 at_least[F,5]
                                   0            -0               
   106 at_least[G,1]
                                   0            -0               
   107 at_least[G,2]
                                   0            -0               
   108 at_least[G,3]
                                   0            -0               
   109 at_least[G,4]
                                   0            -0               
   110 at_least[G,5]
                                   1            -0               
   111 at_least[H,1]
                                   0            -0               
   112 at_least[H,2]
                                   0            -0               
   113 at_least[H,3]
                                   0            -0               
   114 at_least[H,4]
                                   1            -0               
   115 at_least[H,5]
                                   0            -0               
   116 at_least[I,1]
                                   0            -0               
   117 at_least[I,2]
                                   0            -0               
   118 at_least[I,3]
                                   0            -0               
   119 at_least[I,4]
                                   1            -0               
   120 at_least[I,5]
                                   0            -0               
   121 at_least[J,1]
                                   0            -0               
   122 at_least[J,2]
                                   0            -0               
   123 at_least[J,3]
                                   0            -0               
   124 at_least[J,4]
                                   1            -0               
   125 at_least[J,5]
                                   0            -0               
   126 at_least[K,1]
                                   0            -0               
   127 at_least[K,2]
                                   0            -0               
   128 at_least[K,3]
                                   1            -0               
   129 at_least[K,4]
                                   0            -0               
   130 at_least[K,5]
                                   0            -0               
   131 at_least[L,1]
                                   0            -0               
   132 at_least[L,2]
                                   0            -0               
   133 at_least[L,3]
                                   1            -0               
   134 at_least[L,4]
                                   0            -0               
   135 at_least[L,5]
                                   0            -0               
   136 at_least[M,1]
                                   0            -0               
   137 at_least[M,2]
                                   0            -0               
   138 at_least[M,3]
                                   0            -0               
   139 at_least[M,4]
                                   1            -0               
   140 at_least[M,5]
                                   0            -0               
   141 at_least[N,1]
                                   0            -0               
   142 at_least[N,2]
                                   0            -0               
   143 at_least[N,3]
                                   1            -0               
   144 at_least[N,4]
                                   0            -0               
   145 at_least[N,5]
                                   0            -0               
   146 at_least[O,1]
                                   0            -0               
   147 at_least[O,2]
                                   0            -0               
   148 at_least[O,3]
                                   0            -0               
   149 at_least[O,4]
                                   1            -0               
   150 at_least[O,5]
                                   0            -0               
   151 at_least[P,1]
                                   0            -0               
   152 at_least[P,2]
                                   0            -0               
   153 at_least[P,3]
                                   0            -0               
   154 at_least[P,4]
                                   0            -0               
   155 at_least[P,5]
                                   1            -0               
   156 at_least[Q,1]
                                   0            -0               
   157 at_least[Q,2]
                                   0            -0               
   158 at_least[Q,3]
                                   0            -0               
   159 at_least[Q,4]
                                   0            -0               
   160 at_least[Q,5]
                                   0            -0               
   161 at_least[R,1]
                                   0            -0               
   162 at_least[R,2]
                                   0            -0               
   163 at_least[R,3]
                                   0            -0               
   164 at_least[R,4]
                                   0            -0               
   165 at_least[R,5]
                                   1            -0               
   166 at_least[S,1]
                                   0            -0               
   167 at_least[S,2]
                                   0            -0               
   168 at_least[S,3]
                                   0            -0               
   169 at_least[S,4]
                                   1            -0               
   170 at_least[S,5]
                                   0            -0               
   171 visit_constraint[London]
                                   0                          -0 
   172 visit_constraint[Paris]
                                   0                          -0 
   173 visit_constraint[Prague]
                                   0                          -0 
   174 visit_constraint[Berlin]
                                   0                          -0 
   175 visit_constraint[Zurich]
                                   0                          -0 
   176 visit_constraint[Venice]
                                   0                          -0 
   177 time_contraint
                                8.26                          10 

   No. Column name       Activity     Lower bound   Upper bound
------ ------------    ------------- ------------- -------------
     1 is_visited[London]
                    *              1             0             1 
     2 is_visited[Paris]
                    *              1             0             1 
     3 is_visited[Prague]
                    *              1             0             1 
     4 is_visited[Berlin]
                    *              1             0             1 
     5 is_visited[Zurich]
                    *              1             0             1 
     6 is_visited[Venice]
                    *              1             0             1 
     7 get_city[A,1]
                    *              1             0             1 
     8 get_city[A,2]
                    *              1             0             1 
     9 get_city[A,3]
                    *              1             0             1 
    10 get_city[A,4]
                    *              1             0             1 
    11 get_city[A,5]
                    *              1             0             1 
    12 get_city[A,6]
                    *              1             0             1 
    13 get_city[B,1]
                    *              0             0             1 
    14 get_city[B,2]
                    *              0             0             1 
    15 get_city[B,3]
                    *              0             0             1 
    16 get_city[B,4]
                    *              0             0             1 
    17 get_city[B,5]
                    *              0             0             1 
    18 get_city[B,6]
                    *              0             0             1 
    19 get_city[C,1]
                    *              1             0             1 
    20 get_city[C,2]
                    *              1             0             1 
    21 get_city[C,3]
                    *              1             0             1 
    22 get_city[C,4]
                    *              1             0             1 
    23 get_city[C,5]
                    *              0             0             1 
    24 get_city[C,6]
                    *              0             0             1 
    25 get_city[D,1]
                    *              1             0             1 
    26 get_city[D,2]
                    *              1             0             1 
    27 get_city[D,3]
                    *              1             0             1 
    28 get_city[D,4]
                    *              0             0             1 
    29 get_city[D,5]
                    *              0             0             1 
    30 get_city[D,6]
                    *              0             0             1 
    31 get_city[E,1]
                    *              1             0             1 
    32 get_city[E,2]
                    *              1             0             1 
    33 get_city[E,3]
                    *              1             0             1 
    34 get_city[E,4]
                    *              1             0             1 
    35 get_city[E,5]
                    *              1             0             1 
    36 get_city[E,6]
                    *              0             0             1 
    37 get_city[F,1]
                    *              1             0             1 
    38 get_city[F,2]
                    *              1             0             1 
    39 get_city[F,3]
                    *              1             0             1 
    40 get_city[F,4]
                    *              0             0             1 
    41 get_city[F,5]
                    *              0             0             1 
    42 get_city[F,6]
                    *              0             0             1 
    43 get_city[G,1]
                    *              1             0             1 
    44 get_city[G,2]
                    *              1             0             1 
    45 get_city[G,3]
                    *              1             0             1 
    46 get_city[G,4]
                    *              1             0             1 
    47 get_city[G,5]
                    *              1             0             1 
    48 get_city[G,6]
                    *              0             0             1 
    49 get_city[H,1]
                    *              1             0             1 
    50 get_city[H,2]
                    *              1             0             1 
    51 get_city[H,3]
                    *              1             0             1 
    52 get_city[H,4]
                    *              1             0             1 
    53 get_city[H,5]
                    *              0             0             1 
    54 get_city[H,6]
                    *              0             0             1 
    55 get_city[I,1]
                    *              1             0             1 
    56 get_city[I,2]
                    *              1             0             1 
    57 get_city[I,3]
                    *              1             0             1 
    58 get_city[I,4]
                    *              1             0             1 
    59 get_city[I,5]
                    *              0             0             1 
    60 get_city[I,6]
                    *              0             0             1 
    61 get_city[J,1]
                    *              1             0             1 
    62 get_city[J,2]
                    *              1             0             1 
    63 get_city[J,3]
                    *              1             0             1 
    64 get_city[J,4]
                    *              1             0             1 
    65 get_city[J,5]
                    *              0             0             1 
    66 get_city[J,6]
                    *              0             0             1 
    67 get_city[K,1]
                    *              1             0             1 
    68 get_city[K,2]
                    *              1             0             1 
    69 get_city[K,3]
                    *              1             0             1 
    70 get_city[K,4]
                    *              0             0             1 
    71 get_city[K,5]
                    *              0             0             1 
    72 get_city[K,6]
                    *              0             0             1 
    73 get_city[L,1]
                    *              1             0             1 
    74 get_city[L,2]
                    *              1             0             1 
    75 get_city[L,3]
                    *              1             0             1 
    76 get_city[L,4]
                    *              0             0             1 
    77 get_city[L,5]
                    *              0             0             1 
    78 get_city[L,6]
                    *              0             0             1 
    79 get_city[M,1]
                    *              1             0             1 
    80 get_city[M,2]
                    *              1             0             1 
    81 get_city[M,3]
                    *              1             0             1 
    82 get_city[M,4]
                    *              1             0             1 
    83 get_city[M,5]
                    *              0             0             1 
    84 get_city[M,6]
                    *              0             0             1 
    85 get_city[N,1]
                    *              1             0             1 
    86 get_city[N,2]
                    *              1             0             1 
    87 get_city[N,3]
                    *              1             0             1 
    88 get_city[N,4]
                    *              0             0             1 
    89 get_city[N,5]
                    *              0             0             1 
    90 get_city[N,6]
                    *              0             0             1 
    91 get_city[O,1]
                    *              1             0             1 
    92 get_city[O,2]
                    *              1             0             1 
    93 get_city[O,3]
                    *              1             0             1 
    94 get_city[O,4]
                    *              1             0             1 
    95 get_city[O,5]
                    *              0             0             1 
    96 get_city[O,6]
                    *              0             0             1 
    97 get_city[P,1]
                    *              1             0             1 
    98 get_city[P,2]
                    *              1             0             1 
    99 get_city[P,3]
                    *              1             0             1 
   100 get_city[P,4]
                    *              1             0             1 
   101 get_city[P,5]
                    *              1             0             1 
   102 get_city[P,6]
                    *              0             0             1 
   103 get_city[Q,1]
                    *              1             0             1 
   104 get_city[Q,2]
                    *              1             0             1 
   105 get_city[Q,3]
                    *              1             0             1 
   106 get_city[Q,4]
                    *              1             0             1 
   107 get_city[Q,5]
                    *              1             0             1 
   108 get_city[Q,6]
                    *              1             0             1 
   109 get_city[R,1]
                    *              1             0             1 
   110 get_city[R,2]
                    *              1             0             1 
   111 get_city[R,3]
                    *              1             0             1 
   112 get_city[R,4]
                    *              1             0             1 
   113 get_city[R,5]
                    *              1             0             1 
   114 get_city[R,6]
                    *              0             0             1 
   115 get_city[S,1]
                    *              1             0             1 
   116 get_city[S,2]
                    *              1             0             1 
   117 get_city[S,3]
                    *              1             0             1 
   118 get_city[S,4]
                    *              1             0             1 
   119 get_city[S,5]
                    *              0             0             1 
   120 get_city[S,6]
                    *              0             0             1 
   121 connect_city[London,London]
                    *              0             0             1 
   122 connect_city[London,Paris]
                    *              1             0             1 
   123 connect_city[London,Prague]
                    *              0             0             1 
   124 connect_city[London,Berlin]
                    *              0             0             1 
   125 connect_city[London,Zurich]
                    *              0             0             1 
   126 connect_city[London,Venice]
                    *              0             0             1 
   127 connect_city[Paris,London]
                    *              0             0             1 
   128 connect_city[Paris,Paris]
                    *              0             0             1 
   129 connect_city[Paris,Prague]
                    *              0             0             1 
   130 connect_city[Paris,Berlin]
                    *              1             0             1 
   131 connect_city[Paris,Zurich]
                    *              0             0             1 
   132 connect_city[Paris,Venice]
                    *              0             0             1 
   133 connect_city[Prague,London]
                    *              0             0             1 
   134 connect_city[Prague,Paris]
                    *              0             0             1 
   135 connect_city[Prague,Prague]
                    *              0             0             1 
   136 connect_city[Prague,Berlin]
                    *              0             0             1 
   137 connect_city[Prague,Zurich]
                    *              0             0             1 
   138 connect_city[Prague,Venice]
                    *              1             0             1 
   139 connect_city[Berlin,London]
                    *              0             0             1 
   140 connect_city[Berlin,Paris]
                    *              0             0             1 
   141 connect_city[Berlin,Prague]
                    *              1             0             1 
   142 connect_city[Berlin,Berlin]
                    *              0             0             1 
   143 connect_city[Berlin,Zurich]
                    *              0             0             1 
   144 connect_city[Berlin,Venice]
                    *              0             0             1 
   145 connect_city[Zurich,London]
                    *              1             0             1 
   146 connect_city[Zurich,Paris]
                    *              0             0             1 
   147 connect_city[Zurich,Prague]
                    *              0             0             1 
   148 connect_city[Zurich,Berlin]
                    *              0             0             1 
   149 connect_city[Zurich,Zurich]
                    *              0             0             1 
   150 connect_city[Zurich,Venice]
                    *              0             0             1 
   151 connect_city[Venice,London]
                    *              0             0             1 
   152 connect_city[Venice,Paris]
                    *              0             0             1 
   153 connect_city[Venice,Prague]
                    *              0             0             1 
   154 connect_city[Venice,Berlin]
                    *              0             0             1 
   155 connect_city[Venice,Zurich]
                    *              1             0             1 
   156 connect_city[Venice,Venice]
                    *              0             0             1 
   157 number[London]
                                   2                             
   158 number[Paris]
                                   3                             
   159 number[Prague]
                                  -1                             
   160 number[Berlin]
                                  -2                             
   161 number[Zurich]
                                   1                             
   162 number[Venice]
                                   0                             
   163 is_start[London]
                    *              0             0             1 
   164 is_start[Paris]
                    *              0             0             1 
   165 is_start[Prague]
                    *              0             0             1 
   166 is_start[Berlin]
                    *              1             0             1 
   167 is_start[Zurich]
                    *              0             0             1 
   168 is_start[Venice]
                    *              0             0             1 

Integer feasibility conditions:

KKT.PE: max.abs.err = 0.00e+00 on row 0
        max.rel.err = 0.00e+00 on row 0
        High quality

KKT.PB: max.abs.err = 0.00e+00 on row 0
        max.rel.err = 0.00e+00 on row 0
        High quality

End of output
